Lsk 2023-01-18 18:14:02.849600
Traceback (most recent call last):
  File "C:\Users\Lsk\Desktop\FormularEdit\setup.py", line 722, in on_textEdit_textChanged
    with open('./background.py','r') as f_read:
FileNotFoundError: [Errno 2] No such file or directory: './background.py'

Lsk 2023-01-18 22:15:56.989318
Traceback (most recent call last):
  File "C:\Users\Lsk\AppData\Local\Programs\Python\Python39\lib\idlelib\run.py", line 559, in runcode
    exec(code, self.locals)
  File "C:\Users\Lsk\Desktop\FormularEdit\setup.py", line 1290, in <module>
    main = MainDialogImgBW()
  File "C:\Users\Lsk\Desktop\FormularEdit\setup.py", line 318, in __init__
    self.initMenu()
  File "C:\Users\Lsk\Desktop\FormularEdit\setup.py", line 513, in initMenu
    action_group = QActionGroup(self)
NameError: name 'QActionGroup' is not defined

Lsk 2023-01-18 22:16:13.016507
Traceback (most recent call last):
  File "C:\Users\Lsk\AppData\Local\Programs\Python\Python39\lib\idlelib\run.py", line 559, in runcode
    exec(code, self.locals)
  File "C:\Users\Lsk\Desktop\FormularEdit\setup.py", line 1284, in <module>
    main = MainDialogImgBW()
  File "C:\Users\Lsk\Desktop\FormularEdit\setup.py", line 318, in __init__
    self.initMenu()
  File "C:\Users\Lsk\Desktop\FormularEdit\setup.py", line 513, in initMenu
    action_group = QActionGroup(self)
NameError: name 'QActionGroup' is not defined

Lsk 2023-01-18 22:16:26.653409
Traceback (most recent call last):
  File "C:\Users\Lsk\AppData\Local\Programs\Python\Python39\lib\idlelib\run.py", line 559, in runcode
    exec(code, self.locals)
  File "C:\Users\Lsk\Desktop\FormularEdit\setup.py", line 1284, in <module>
    main = MainDialogImgBW()
  File "C:\Users\Lsk\Desktop\FormularEdit\setup.py", line 318, in __init__
    self.initMenu()
  File "C:\Users\Lsk\Desktop\FormularEdit\setup.py", line 513, in initMenu
    action_group = QActionGroup(self)
NameError: name 'QActionGroup' is not defined

Lsk 2023-01-18 22:16:39.135584
Traceback (most recent call last):
  File "C:\Users\Lsk\Desktop\FormularEdit\setup.py", line 1284, in <module>
    main = MainDialogImgBW()
  File "C:\Users\Lsk\Desktop\FormularEdit\setup.py", line 318, in __init__
    self.initMenu()
  File "C:\Users\Lsk\Desktop\FormularEdit\setup.py", line 513, in initMenu
    action_group = QActionGroup(self)
NameError: name 'QActionGroup' is not defined

Lsk 2023-01-18 22:16:41.792864
Traceback (most recent call last):
  File "C:\Users\Lsk\Desktop\FormularEdit\setup.py", line 1284, in <module>
    main = MainDialogImgBW()
  File "C:\Users\Lsk\Desktop\FormularEdit\setup.py", line 318, in __init__
    self.initMenu()
  File "C:\Users\Lsk\Desktop\FormularEdit\setup.py", line 513, in initMenu
    action_group = QActionGroup(self)
NameError: name 'QActionGroup' is not defined

Lsk 2023-01-18 22:16:42.465270
Traceback (most recent call last):
  File "C:\Users\Lsk\Desktop\FormularEdit\setup.py", line 1284, in <module>
    main = MainDialogImgBW()
  File "C:\Users\Lsk\Desktop\FormularEdit\setup.py", line 318, in __init__
    self.initMenu()
  File "C:\Users\Lsk\Desktop\FormularEdit\setup.py", line 513, in initMenu
    action_group = QActionGroup(self)
NameError: name 'QActionGroup' is not defined

Lsk 2023-01-18 22:17:27.326354
Traceback (most recent call last):
  File "C:\Users\Lsk\Desktop\FormularEdit\setup.py", line 722, in on_textEdit_textChanged
    with open('./background.py','r') as f_read:
FileNotFoundError: [Errno 2] No such file or directory: './background.py'

Lsk 2023-01-18 22:17:56.001009
Traceback (most recent call last):
  File "C:\Users\Lsk\AppData\Local\Programs\Python\Python39\lib\idlelib\run.py", line 559, in runcode
    exec(code, self.locals)
  File "C:\Users\Lsk\Desktop\FormularEdit\setup.py", line 1284, in <module>
    main = MainDialogImgBW()
  File "C:\Users\Lsk\Desktop\FormularEdit\setup.py", line 318, in __init__
    self.initMenu()
  File "C:\Users\Lsk\Desktop\FormularEdit\setup.py", line 513, in initMenu
    action_group = QActionGroup(self)
NameError: name 'QActionGroup' is not defined

Lsk 2023-01-18 22:18:16.379731
Traceback (most recent call last):
  File "C:\Users\Lsk\Desktop\FormularEdit\setup.py", line 1284, in <module>
    main = MainDialogImgBW()
  File "C:\Users\Lsk\Desktop\FormularEdit\setup.py", line 318, in __init__
    self.initMenu()
  File "C:\Users\Lsk\Desktop\FormularEdit\setup.py", line 513, in initMenu
    action_group = QActionGroup(self)
NameError: name 'QActionGroup' is not defined

Lsk 2023-01-18 22:20:04.257420
Traceback (most recent call last):
  File "C:\Users\Lsk\AppData\Local\Programs\Python\Python39\lib\idlelib\run.py", line 559, in runcode
    exec(code, self.locals)
  File "C:\Users\Lsk\Desktop\FormularEdit\setup.py", line 1284, in <module>
    main = MainDialogImgBW()
  File "C:\Users\Lsk\Desktop\FormularEdit\setup.py", line 318, in __init__
    self.initMenu()
  File "C:\Users\Lsk\Desktop\FormularEdit\setup.py", line 513, in initMenu
    self.action_group = QActionGroup(self)
NameError: name 'QActionGroup' is not defined

Lsk 2023-01-18 22:20:57.742639
Traceback (most recent call last):
  File "C:\Users\Lsk\AppData\Local\Programs\Python\Python39\lib\idlelib\run.py", line 559, in runcode
    exec(code, self.locals)
  File "C:\Users\Lsk\Desktop\FormularEdit\setup.py", line 1284, in <module>
    main = MainDialogImgBW()
  File "C:\Users\Lsk\Desktop\FormularEdit\setup.py", line 318, in __init__
    self.initMenu()
  File "C:\Users\Lsk\Desktop\FormularEdit\setup.py", line 514, in initMenu
    self.action_group.addAction(light_action)
NameError: name 'light_action' is not defined

Lsk 2023-01-18 22:23:14.498273
Traceback (most recent call last):
  File "C:\Users\Lsk\AppData\Local\Programs\Python\Python39\lib\idlelib\run.py", line 559, in runcode
    exec(code, self.locals)
  File "C:\Users\Lsk\Desktop\FormularEdit\setup.py", line 1284, in <module>
    main = MainDialogImgBW()
  File "C:\Users\Lsk\Desktop\FormularEdit\setup.py", line 318, in __init__
    self.initMenu()
  File "C:\Users\Lsk\Desktop\FormularEdit\setup.py", line 514, in initMenu
    self.action_group.addAction(light_action)
NameError: name 'light_action' is not defined

Lsk 2023-01-18 22:24:08.579385
Traceback (most recent call last):
  File "C:\Users\Lsk\AppData\Local\Programs\Python\Python39\lib\idlelib\run.py", line 559, in runcode
    exec(code, self.locals)
  File "C:\Users\Lsk\Desktop\FormularEdit\setup.py", line 1284, in <module>
    main = MainDialogImgBW()
  File "C:\Users\Lsk\Desktop\FormularEdit\setup.py", line 318, in __init__
    self.initMenu()
  File "C:\Users\Lsk\Desktop\FormularEdit\setup.py", line 514, in initMenu
    self.action_group.addAction(light_action)
NameError: name 'light_action' is not defined

Lsk 2023-01-18 22:26:06.285079
Traceback (most recent call last):
  File "C:\Users\Lsk\AppData\Local\Programs\Python\Python39\lib\idlelib\run.py", line 559, in runcode
    exec(code, self.locals)
  File "C:\Users\Lsk\Desktop\FormularEdit\setup.py", line 1288, in <module>
    main = MainDialogImgBW()
  File "C:\Users\Lsk\Desktop\FormularEdit\setup.py", line 318, in __init__
    self.initMenu()
  File "C:\Users\Lsk\Desktop\FormularEdit\setup.py", line 514, in initMenu
    self.action_group.addAction(light_action)
NameError: name 'light_action' is not defined

Lsk 2023-01-18 22:26:30.100446
Traceback (most recent call last):
  File "C:\Users\Lsk\AppData\Local\Programs\Python\Python39\lib\idlelib\run.py", line 559, in runcode
    exec(code, self.locals)
  File "C:\Users\Lsk\Desktop\FormularEdit\setup.py", line 1288, in <module>
    main = MainDialogImgBW()
  File "C:\Users\Lsk\Desktop\FormularEdit\setup.py", line 318, in __init__
    self.initMenu()
  File "C:\Users\Lsk\Desktop\FormularEdit\setup.py", line 514, in initMenu
    self.action_group.addAction(light_action)
NameError: name 'light_action' is not defined

Lsk 2023-01-18 22:28:03.618521
Traceback (most recent call last):
  File "C:\Users\Lsk\AppData\Local\Programs\Python\Python39\lib\idlelib\run.py", line 559, in runcode
    exec(code, self.locals)
  File "C:\Users\Lsk\Desktop\FormularEdit\setup.py", line 1288, in <module>
    main = MainDialogImgBW()
  File "C:\Users\Lsk\Desktop\FormularEdit\setup.py", line 318, in __init__
    self.initMenu()
  File "C:\Users\Lsk\Desktop\FormularEdit\setup.py", line 510, in initMenu
    self.action_group.addAction(light_action)
NameError: name 'light_action' is not defined

Lsk 2023-01-18 23:33:39.252157
Traceback (most recent call last):
  File "C:\Users\Lsk\Desktop\FormularEdit\setup.py", line 750, in on_textEdit_textChanged
    with open('./background.py','r') as f_read:
FileNotFoundError: [Errno 2] No such file or directory: './background.py'

Lsk 2023-01-18 23:34:05.972530
Traceback (most recent call last):
  File "C:\Users\Lsk\Desktop\FormularEdit\setup.py", line 750, in on_textEdit_textChanged
    with open('./background.py','r') as f_read:
FileNotFoundError: [Errno 2] No such file or directory: './background.py'

Lsk 2023-01-18 23:36:10.017512
Traceback (most recent call last):
  File "C:\Users\Lsk\Desktop\FormularEdit\setup.py", line 750, in on_textEdit_textChanged
    with open('./background.py','r') as f_read:
FileNotFoundError: [Errno 2] No such file or directory: './background.py'

Lsk 2023-01-19 09:03:57.514743
Traceback (most recent call last):
  File "C:\Users\Lsk\Desktop\FormularEdit\setup.py", line 750, in on_textEdit_textChanged
    with open('./background.py','r') as f_read:
FileNotFoundError: [Errno 2] No such file or directory: './background.py'

Lsk 2023-01-22 10:38:57.053813
Traceback (most recent call last):
  File "C:\Users\Lsk\Desktop\FormularEdit\setup.py", line 1280, in <module>
    main = MainDialogImgBW()
  File "C:\Users\Lsk\Desktop\FormularEdit\setup.py", line 365, in __init__
    t.setThemeFiles(main_window=self)
  File "C:\Users\Lsk\Desktop\FormularEdit\qt_sass_theme\qtSassTheme.py", line 148, in setThemeFiles
    qtsass.compile_dirname('sass', '.')
  File "C:\Users\Lsk\AppData\Local\Programs\Python\Python39\lib\site-packages\qtsass\api.py", line 175, in compile_dirname
    compile_filename(scss_path, css_path, **fkwargs)
  File "C:\Users\Lsk\AppData\Local\Programs\Python\Python39\lib\site-packages\qtsass\api.py", line 131, in compile_filename
    css = compile(string, **kwargs)
  File "C:\Users\Lsk\AppData\Local\Programs\Python\Python39\lib\site-packages\qtsass\api.py", line 105, in compile
    return qt_conform(sass.compile(**kwargs))
  File "C:\Users\Lsk\AppData\Local\Programs\Python\Python39\lib\site-packages\sass.py", line 738, in compile
    raise CompileError(v)
sass.CompileError: Error: Undefined variable: "$circle-solid".
        on line 347:16 of stdin
>>     image: url($circle-solid);

   ---------------^


Lsk 2023-01-22 10:38:59.774392
Traceback (most recent call last):
  File "C:\Users\Lsk\Desktop\FormularEdit\setup.py", line 1280, in <module>
    main = MainDialogImgBW()
  File "C:\Users\Lsk\Desktop\FormularEdit\setup.py", line 365, in __init__
    t.setThemeFiles(main_window=self)
  File "C:\Users\Lsk\Desktop\FormularEdit\qt_sass_theme\qtSassTheme.py", line 148, in setThemeFiles
    qtsass.compile_dirname('sass', '.')
  File "C:\Users\Lsk\AppData\Local\Programs\Python\Python39\lib\site-packages\qtsass\api.py", line 175, in compile_dirname
    compile_filename(scss_path, css_path, **fkwargs)
  File "C:\Users\Lsk\AppData\Local\Programs\Python\Python39\lib\site-packages\qtsass\api.py", line 131, in compile_filename
    css = compile(string, **kwargs)
  File "C:\Users\Lsk\AppData\Local\Programs\Python\Python39\lib\site-packages\qtsass\api.py", line 105, in compile
    return qt_conform(sass.compile(**kwargs))
  File "C:\Users\Lsk\AppData\Local\Programs\Python\Python39\lib\site-packages\sass.py", line 738, in compile
    raise CompileError(v)
sass.CompileError: Error: Undefined variable: "$circle-solid".
        on line 347:16 of stdin
>>     image: url($circle-solid);

   ---------------^


Lsk 2023-01-22 10:39:00.633679
Traceback (most recent call last):
  File "C:\Users\Lsk\Desktop\FormularEdit\setup.py", line 1280, in <module>
    main = MainDialogImgBW()
  File "C:\Users\Lsk\Desktop\FormularEdit\setup.py", line 365, in __init__
    t.setThemeFiles(main_window=self)
  File "C:\Users\Lsk\Desktop\FormularEdit\qt_sass_theme\qtSassTheme.py", line 148, in setThemeFiles
    qtsass.compile_dirname('sass', '.')
  File "C:\Users\Lsk\AppData\Local\Programs\Python\Python39\lib\site-packages\qtsass\api.py", line 175, in compile_dirname
    compile_filename(scss_path, css_path, **fkwargs)
  File "C:\Users\Lsk\AppData\Local\Programs\Python\Python39\lib\site-packages\qtsass\api.py", line 131, in compile_filename
    css = compile(string, **kwargs)
  File "C:\Users\Lsk\AppData\Local\Programs\Python\Python39\lib\site-packages\qtsass\api.py", line 105, in compile
    return qt_conform(sass.compile(**kwargs))
  File "C:\Users\Lsk\AppData\Local\Programs\Python\Python39\lib\site-packages\sass.py", line 738, in compile
    raise CompileError(v)
sass.CompileError: Error: Undefined variable: "$circle-solid".
        on line 347:16 of stdin
>>     image: url($circle-solid);

   ---------------^


Lsk 2023-01-22 10:39:01.383687
Traceback (most recent call last):
  File "C:\Users\Lsk\Desktop\FormularEdit\setup.py", line 1280, in <module>
    main = MainDialogImgBW()
  File "C:\Users\Lsk\Desktop\FormularEdit\setup.py", line 365, in __init__
    t.setThemeFiles(main_window=self)
  File "C:\Users\Lsk\Desktop\FormularEdit\qt_sass_theme\qtSassTheme.py", line 148, in setThemeFiles
    qtsass.compile_dirname('sass', '.')
  File "C:\Users\Lsk\AppData\Local\Programs\Python\Python39\lib\site-packages\qtsass\api.py", line 175, in compile_dirname
    compile_filename(scss_path, css_path, **fkwargs)
  File "C:\Users\Lsk\AppData\Local\Programs\Python\Python39\lib\site-packages\qtsass\api.py", line 131, in compile_filename
    css = compile(string, **kwargs)
  File "C:\Users\Lsk\AppData\Local\Programs\Python\Python39\lib\site-packages\qtsass\api.py", line 105, in compile
    return qt_conform(sass.compile(**kwargs))
  File "C:\Users\Lsk\AppData\Local\Programs\Python\Python39\lib\site-packages\sass.py", line 738, in compile
    raise CompileError(v)
sass.CompileError: Error: Undefined variable: "$circle-solid".
        on line 347:16 of stdin
>>     image: url($circle-solid);

   ---------------^


Lsk 2023-01-22 10:39:04.811330
Traceback (most recent call last):
  File "C:\Users\Lsk\Desktop\FormularEdit\setup.py", line 1280, in <module>
    main = MainDialogImgBW()
  File "C:\Users\Lsk\Desktop\FormularEdit\setup.py", line 365, in __init__
    t.setThemeFiles(main_window=self)
  File "C:\Users\Lsk\Desktop\FormularEdit\qt_sass_theme\qtSassTheme.py", line 148, in setThemeFiles
    qtsass.compile_dirname('sass', '.')
  File "C:\Users\Lsk\AppData\Local\Programs\Python\Python39\lib\site-packages\qtsass\api.py", line 175, in compile_dirname
    compile_filename(scss_path, css_path, **fkwargs)
  File "C:\Users\Lsk\AppData\Local\Programs\Python\Python39\lib\site-packages\qtsass\api.py", line 131, in compile_filename
    css = compile(string, **kwargs)
  File "C:\Users\Lsk\AppData\Local\Programs\Python\Python39\lib\site-packages\qtsass\api.py", line 105, in compile
    return qt_conform(sass.compile(**kwargs))
  File "C:\Users\Lsk\AppData\Local\Programs\Python\Python39\lib\site-packages\sass.py", line 738, in compile
    raise CompileError(v)
sass.CompileError: Error: Undefined variable: "$circle-solid".
        on line 347:16 of stdin
>>     image: url($circle-solid);

   ---------------^


Lsk 2023-01-22 10:39:06.311577
Traceback (most recent call last):
  File "C:\Users\Lsk\Desktop\FormularEdit\setup.py", line 1280, in <module>
    main = MainDialogImgBW()
  File "C:\Users\Lsk\Desktop\FormularEdit\setup.py", line 365, in __init__
    t.setThemeFiles(main_window=self)
  File "C:\Users\Lsk\Desktop\FormularEdit\qt_sass_theme\qtSassTheme.py", line 148, in setThemeFiles
    qtsass.compile_dirname('sass', '.')
  File "C:\Users\Lsk\AppData\Local\Programs\Python\Python39\lib\site-packages\qtsass\api.py", line 175, in compile_dirname
    compile_filename(scss_path, css_path, **fkwargs)
  File "C:\Users\Lsk\AppData\Local\Programs\Python\Python39\lib\site-packages\qtsass\api.py", line 131, in compile_filename
    css = compile(string, **kwargs)
  File "C:\Users\Lsk\AppData\Local\Programs\Python\Python39\lib\site-packages\qtsass\api.py", line 105, in compile
    return qt_conform(sass.compile(**kwargs))
  File "C:\Users\Lsk\AppData\Local\Programs\Python\Python39\lib\site-packages\sass.py", line 738, in compile
    raise CompileError(v)
sass.CompileError: Error: Undefined variable: "$circle-solid".
        on line 347:16 of stdin
>>     image: url($circle-solid);

   ---------------^


Lsk 2023-01-22 10:39:07.408067
Traceback (most recent call last):
  File "C:\Users\Lsk\Desktop\FormularEdit\setup.py", line 1280, in <module>
    main = MainDialogImgBW()
  File "C:\Users\Lsk\Desktop\FormularEdit\setup.py", line 365, in __init__
    t.setThemeFiles(main_window=self)
  File "C:\Users\Lsk\Desktop\FormularEdit\qt_sass_theme\qtSassTheme.py", line 148, in setThemeFiles
    qtsass.compile_dirname('sass', '.')
  File "C:\Users\Lsk\AppData\Local\Programs\Python\Python39\lib\site-packages\qtsass\api.py", line 175, in compile_dirname
    compile_filename(scss_path, css_path, **fkwargs)
  File "C:\Users\Lsk\AppData\Local\Programs\Python\Python39\lib\site-packages\qtsass\api.py", line 131, in compile_filename
    css = compile(string, **kwargs)
  File "C:\Users\Lsk\AppData\Local\Programs\Python\Python39\lib\site-packages\qtsass\api.py", line 105, in compile
    return qt_conform(sass.compile(**kwargs))
  File "C:\Users\Lsk\AppData\Local\Programs\Python\Python39\lib\site-packages\sass.py", line 738, in compile
    raise CompileError(v)
sass.CompileError: Error: Undefined variable: "$circle-solid".
        on line 347:16 of stdin
>>     image: url($circle-solid);

   ---------------^


Lsk 2023-01-22 10:39:13.638304
Traceback (most recent call last):
  File "C:\Users\Lsk\AppData\Local\Programs\Python\Python39\lib\idlelib\run.py", line 559, in runcode
    exec(code, self.locals)
  File "C:\Users\Lsk\Desktop\FormularEdit\setup.py", line 1280, in <module>
    main = MainDialogImgBW()
  File "C:\Users\Lsk\Desktop\FormularEdit\setup.py", line 365, in __init__
    t.setThemeFiles(main_window=self)
  File "C:\Users\Lsk\Desktop\FormularEdit\qt_sass_theme\qtSassTheme.py", line 148, in setThemeFiles
    qtsass.compile_dirname('sass', '.')
  File "C:\Users\Lsk\AppData\Local\Programs\Python\Python39\lib\site-packages\qtsass\api.py", line 175, in compile_dirname
    compile_filename(scss_path, css_path, **fkwargs)
  File "C:\Users\Lsk\AppData\Local\Programs\Python\Python39\lib\site-packages\qtsass\api.py", line 131, in compile_filename
    css = compile(string, **kwargs)
  File "C:\Users\Lsk\AppData\Local\Programs\Python\Python39\lib\site-packages\qtsass\api.py", line 105, in compile
    return qt_conform(sass.compile(**kwargs))
  File "C:\Users\Lsk\AppData\Local\Programs\Python\Python39\lib\site-packages\sass.py", line 738, in compile
    raise CompileError(v)
sass.CompileError: Error: Undefined variable: "$circle-solid".
        on line 347:16 of stdin
>>     image: url($circle-solid);

   ---------------^


Lsk 2023-01-22 22:29:15.876942
Traceback (most recent call last):
  File "C:\Users\Lsk\Desktop\FormularEdit\setup.py", line 746, in on_textEdit_textChanged
    with open('./background.py','r') as f_read:
FileNotFoundError: [Errno 2] No such file or directory: './background.py'

Lsk 2023-01-22 22:31:38.203715
Traceback (most recent call last):
  File "C:\Users\Lsk\Desktop\FormularEdit\setup.py", line 746, in on_textEdit_textChanged
    with open('./background.py','r') as f_read:
FileNotFoundError: [Errno 2] No such file or directory: './background.py'

